{"/home/rodrigo/Área de Trabalho/projects/appgobarber/src/components/Button/index.tsx": {"path":"/home/rodrigo/Área de Trabalho/projects/appgobarber/src/components/Button/index.tsx","statementMap":{"0":{"start":{"line":10,"column":38},"end":{"line":14,"column":1}},"1":{"start":{"line":11,"column":2},"end":{"line":13,"column":14}}},"fnMap":{"0":{"name":"(anonymous_0)","decl":{"start":{"line":10,"column":38},"end":{"line":10,"column":39}},"loc":{"start":{"line":11,"column":2},"end":{"line":13,"column":14}},"line":11}},"branchMap":{},"s":{"0":1,"1":1},"f":{"0":1},"b":{},"_coverageSchema":"1a1c01bbd47fc00a2c39e90264f33305004495a9","hash":"758849d08204c8cf83aa497462cfa71f028d04b2"}
,"/home/rodrigo/Área de Trabalho/projects/appgobarber/src/components/Input/index.tsx": {"path":"/home/rodrigo/Área de Trabalho/projects/appgobarber/src/components/Input/index.tsx","statementMap":{"0":{"start":{"line":29,"column":69},"end":{"line":90,"column":2}},"1":{"start":{"line":33,"column":26},"end":{"line":33,"column":43}},"2":{"start":{"line":35,"column":65},"end":{"line":35,"column":79}},"3":{"start":{"line":36,"column":24},"end":{"line":36,"column":76}},"4":{"start":{"line":38,"column":36},"end":{"line":38,"column":51}},"5":{"start":{"line":39,"column":34},"end":{"line":39,"column":49}},"6":{"start":{"line":41,"column":27},"end":{"line":43,"column":8}},"7":{"start":{"line":42,"column":4},"end":{"line":42,"column":23}},"8":{"start":{"line":45,"column":26},"end":{"line":49,"column":8}},"9":{"start":{"line":46,"column":4},"end":{"line":46,"column":24}},"10":{"start":{"line":48,"column":4},"end":{"line":48,"column":47}},"11":{"start":{"line":51,"column":2},"end":{"line":55,"column":6}},"12":{"start":{"line":51,"column":34},"end":{"line":55,"column":3}},"13":{"start":{"line":53,"column":6},"end":{"line":53,"column":38}},"14":{"start":{"line":57,"column":2},"end":{"line":71,"column":33}},"15":{"start":{"line":58,"column":4},"end":{"line":70,"column":7}},"16":{"start":{"line":63,"column":8},"end":{"line":63,"column":44}},"17":{"start":{"line":64,"column":8},"end":{"line":64,"column":64}},"18":{"start":{"line":67,"column":8},"end":{"line":67,"column":41}},"19":{"start":{"line":68,"column":8},"end":{"line":68,"column":40}},"20":{"start":{"line":73,"column":2},"end":{"line":89,"column":4}},"21":{"start":{"line":84,"column":10},"end":{"line":84,"column":46}}},"fnMap":{"0":{"name":"(anonymous_0)","decl":{"start":{"line":29,"column":69},"end":{"line":29,"column":70}},"loc":{"start":{"line":32,"column":8},"end":{"line":90,"column":2}},"line":32},"1":{"name":"(anonymous_1)","decl":{"start":{"line":41,"column":39},"end":{"line":41,"column":40}},"loc":{"start":{"line":41,"column":45},"end":{"line":43,"column":3}},"line":41},"2":{"name":"(anonymous_2)","decl":{"start":{"line":45,"column":38},"end":{"line":45,"column":39}},"loc":{"start":{"line":45,"column":44},"end":{"line":49,"column":3}},"line":45},"3":{"name":"(anonymous_3)","decl":{"start":{"line":51,"column":27},"end":{"line":51,"column":28}},"loc":{"start":{"line":51,"column":34},"end":{"line":55,"column":3}},"line":51},"4":{"name":"(anonymous_4)","decl":{"start":{"line":52,"column":4},"end":{"line":52,"column":5}},"loc":{"start":{"line":52,"column":12},"end":{"line":54,"column":5}},"line":52},"5":{"name":"(anonymous_5)","decl":{"start":{"line":57,"column":12},"end":{"line":57,"column":13}},"loc":{"start":{"line":57,"column":18},"end":{"line":71,"column":3}},"line":57},"6":{"name":"(anonymous_6)","decl":{"start":{"line":62,"column":6},"end":{"line":62,"column":7}},"loc":{"start":{"line":62,"column":32},"end":{"line":65,"column":7}},"line":62},"7":{"name":"(anonymous_7)","decl":{"start":{"line":66,"column":6},"end":{"line":66,"column":7}},"loc":{"start":{"line":66,"column":19},"end":{"line":69,"column":7}},"line":66},"8":{"name":"(anonymous_8)","decl":{"start":{"line":83,"column":22},"end":{"line":83,"column":23}},"loc":{"start":{"line":83,"column":33},"end":{"line":85,"column":9}},"line":83}},"branchMap":{"0":{"loc":{"start":{"line":30,"column":17},"end":{"line":30,"column":36}},"type":"default-arg","locations":[{"start":{"line":30,"column":34},"end":{"line":30,"column":36}}],"line":30},"1":{"loc":{"start":{"line":35,"column":25},"end":{"line":35,"column":42}},"type":"default-arg","locations":[{"start":{"line":35,"column":40},"end":{"line":35,"column":42}}],"line":35},"2":{"loc":{"start":{"line":75,"column":41},"end":{"line":75,"column":86}},"type":"cond-expr","locations":[{"start":{"line":75,"column":65},"end":{"line":75,"column":74}},{"start":{"line":75,"column":77},"end":{"line":75,"column":86}}],"line":75},"3":{"loc":{"start":{"line":75,"column":41},"end":{"line":75,"column":62}},"type":"binary-expr","locations":[{"start":{"line":75,"column":41},"end":{"line":75,"column":50}},{"start":{"line":75,"column":54},"end":{"line":75,"column":62}}],"line":75}},"s":{"0":1,"1":2,"2":2,"3":2,"4":2,"5":2,"6":2,"7":0,"8":2,"9":0,"10":0,"11":2,"12":1,"13":0,"14":2,"15":2,"16":0,"17":0,"18":0,"19":0,"20":2,"21":0},"f":{"0":2,"1":0,"2":0,"3":1,"4":0,"5":2,"6":0,"7":0,"8":0},"b":{"0":[2],"1":[2],"2":[0,2],"3":[2,2]},"_coverageSchema":"1a1c01bbd47fc00a2c39e90264f33305004495a9","hash":"dd1ca7d797dc75c3d8c60ca2a473f2e05dec8c60"}
,"/home/rodrigo/Área de Trabalho/projects/appgobarber/src/hooks/auth.tsx": {"path":"/home/rodrigo/Área de Trabalho/projects/appgobarber/src/hooks/auth.tsx","statementMap":{"0":{"start":{"line":35,"column":20},"end":{"line":35,"column":73}},"1":{"start":{"line":37,"column":38},"end":{"line":104,"column":1}},"2":{"start":{"line":38,"column":26},"end":{"line":38,"column":62}},"3":{"start":{"line":39,"column":32},"end":{"line":39,"column":46}},"4":{"start":{"line":41,"column":2},"end":{"line":59,"column":9}},"5":{"start":{"line":43,"column":30},"end":{"line":46,"column":8}},"6":{"start":{"line":49,"column":6},"end":{"line":53,"column":7}},"7":{"start":{"line":50,"column":8},"end":{"line":50,"column":66}},"8":{"start":{"line":52,"column":8},"end":{"line":52,"column":64}},"9":{"start":{"line":55,"column":6},"end":{"line":55,"column":24}},"10":{"start":{"line":58,"column":4},"end":{"line":58,"column":22}},"11":{"start":{"line":61,"column":17},"end":{"line":77,"column":8}},"12":{"start":{"line":62,"column":21},"end":{"line":65,"column":6}},"13":{"start":{"line":67,"column":28},"end":{"line":67,"column":41}},"14":{"start":{"line":69,"column":4},"end":{"line":72,"column":7}},"15":{"start":{"line":74,"column":4},"end":{"line":74,"column":59}},"16":{"start":{"line":76,"column":4},"end":{"line":76,"column":29}},"17":{"start":{"line":79,"column":18},"end":{"line":83,"column":8}},"18":{"start":{"line":80,"column":4},"end":{"line":80,"column":74}},"19":{"start":{"line":82,"column":4},"end":{"line":82,"column":29}},"20":{"start":{"line":85,"column":21},"end":{"line":95,"column":3}},"21":{"start":{"line":87,"column":6},"end":{"line":87,"column":73}},"22":{"start":{"line":89,"column":6},"end":{"line":92,"column":9}},"23":{"start":{"line":97,"column":2},"end":{"line":103,"column":4}},"24":{"start":{"line":107,"column":18},"end":{"line":107,"column":41}},"25":{"start":{"line":109,"column":2},"end":{"line":109,"column":17}}},"fnMap":{"0":{"name":"(anonymous_0)","decl":{"start":{"line":37,"column":38},"end":{"line":37,"column":39}},"loc":{"start":{"line":37,"column":56},"end":{"line":104,"column":1}},"line":37},"1":{"name":"(anonymous_1)","decl":{"start":{"line":41,"column":12},"end":{"line":41,"column":13}},"loc":{"start":{"line":41,"column":18},"end":{"line":59,"column":3}},"line":41},"2":{"name":"loadStorageData","decl":{"start":{"line":42,"column":19},"end":{"line":42,"column":34}},"loc":{"start":{"line":42,"column":52},"end":{"line":56,"column":5}},"line":42},"3":{"name":"(anonymous_3)","decl":{"start":{"line":61,"column":29},"end":{"line":61,"column":30}},"loc":{"start":{"line":61,"column":60},"end":{"line":77,"column":3}},"line":61},"4":{"name":"(anonymous_4)","decl":{"start":{"line":79,"column":31},"end":{"line":79,"column":32}},"loc":{"start":{"line":79,"column":43},"end":{"line":83,"column":3}},"line":79},"5":{"name":"(anonymous_5)","decl":{"start":{"line":86,"column":4},"end":{"line":86,"column":5}},"loc":{"start":{"line":86,"column":26},"end":{"line":93,"column":5}},"line":86},"6":{"name":"useAuth","decl":{"start":{"line":106,"column":16},"end":{"line":106,"column":23}},"loc":{"start":{"line":106,"column":43},"end":{"line":110,"column":1}},"line":106}},"branchMap":{"0":{"loc":{"start":{"line":49,"column":6},"end":{"line":53,"column":7}},"type":"if","locations":[{"start":{"line":49,"column":6},"end":{"line":53,"column":7}},{"start":{"line":49,"column":6},"end":{"line":53,"column":7}}],"line":49},"1":{"loc":{"start":{"line":49,"column":10},"end":{"line":49,"column":29}},"type":"binary-expr","locations":[{"start":{"line":49,"column":10},"end":{"line":49,"column":18}},{"start":{"line":49,"column":22},"end":{"line":49,"column":29}}],"line":49}},"s":{"0":1,"1":1,"2":0,"3":0,"4":0,"5":0,"6":0,"7":0,"8":0,"9":0,"10":0,"11":0,"12":0,"13":0,"14":0,"15":0,"16":0,"17":0,"18":0,"19":0,"20":0,"21":0,"22":0,"23":0,"24":1,"25":1},"f":{"0":0,"1":0,"2":0,"3":0,"4":0,"5":0,"6":1},"b":{"0":[0,0],"1":[0,0]},"_coverageSchema":"1a1c01bbd47fc00a2c39e90264f33305004495a9","hash":"fc8e2eb5fca0270f67dbee4850ebf509052c8e60"}
,"/home/rodrigo/Área de Trabalho/projects/appgobarber/src/pages/AppointmentCreated/index.tsx": {"path":"/home/rodrigo/Área de Trabalho/projects/appgobarber/src/pages/AppointmentCreated/index.tsx","statementMap":{"0":{"start":{"line":21,"column":37},"end":{"line":56,"column":1}},"1":{"start":{"line":22,"column":20},"end":{"line":22,"column":35}},"2":{"start":{"line":23,"column":21},"end":{"line":23,"column":31}},"3":{"start":{"line":25,"column":22},"end":{"line":25,"column":43}},"4":{"start":{"line":27,"column":24},"end":{"line":34,"column":13}},"5":{"start":{"line":28,"column":4},"end":{"line":33,"column":7}},"6":{"start":{"line":36,"column":24},"end":{"line":42,"column":24}},"7":{"start":{"line":37,"column":4},"end":{"line":41,"column":8}},"8":{"start":{"line":44,"column":2},"end":{"line":55,"column":4}}},"fnMap":{"0":{"name":"(anonymous_0)","decl":{"start":{"line":21,"column":37},"end":{"line":21,"column":38}},"loc":{"start":{"line":21,"column":43},"end":{"line":56,"column":1}},"line":21},"1":{"name":"(anonymous_1)","decl":{"start":{"line":27,"column":36},"end":{"line":27,"column":37}},"loc":{"start":{"line":27,"column":42},"end":{"line":34,"column":3}},"line":27},"2":{"name":"(anonymous_2)","decl":{"start":{"line":36,"column":32},"end":{"line":36,"column":33}},"loc":{"start":{"line":36,"column":38},"end":{"line":42,"column":3}},"line":36}},"branchMap":{},"s":{"0":0,"1":0,"2":0,"3":0,"4":0,"5":0,"6":0,"7":0,"8":0},"f":{"0":0,"1":0,"2":0},"b":{}}
,"/home/rodrigo/Área de Trabalho/projects/appgobarber/src/pages/CreateAppointment/index.tsx": {"path":"/home/rodrigo/Área de Trabalho/projects/appgobarber/src/pages/CreateAppointment/index.tsx","statementMap":{"0":{"start":{"line":52,"column":36},"end":{"line":254,"column":1}},"1":{"start":{"line":53,"column":19},"end":{"line":53,"column":28}},"2":{"start":{"line":54,"column":16},"end":{"line":54,"column":26}},"3":{"start":{"line":55,"column":31},"end":{"line":55,"column":46}},"4":{"start":{"line":57,"column":22},"end":{"line":57,"column":50}},"5":{"start":{"line":59,"column":42},"end":{"line":59,"column":74}},"6":{"start":{"line":60,"column":46},"end":{"line":60,"column":61}},"7":{"start":{"line":61,"column":43},"end":{"line":61,"column":63}},"8":{"start":{"line":62,"column":43},"end":{"line":62,"column":54}},"9":{"start":{"line":63,"column":36},"end":{"line":63,"column":60}},"10":{"start":{"line":64,"column":50},"end":{"line":64,"column":82}},"11":{"start":{"line":67,"column":2},"end":{"line":71,"column":9}},"12":{"start":{"line":68,"column":4},"end":{"line":70,"column":7}},"13":{"start":{"line":69,"column":6},"end":{"line":69,"column":34}},"14":{"start":{"line":73,"column":2},"end":{"line":83,"column":39}},"15":{"start":{"line":74,"column":4},"end":{"line":82,"column":7}},"16":{"start":{"line":81,"column":6},"end":{"line":81,"column":37}},"17":{"start":{"line":85,"column":23},"end":{"line":87,"column":14}},"18":{"start":{"line":86,"column":4},"end":{"line":86,"column":13}},"19":{"start":{"line":89,"column":31},"end":{"line":91,"column":8}},"20":{"start":{"line":90,"column":4},"end":{"line":90,"column":36}},"21":{"start":{"line":93,"column":33},"end":{"line":95,"column":8}},"22":{"start":{"line":94,"column":4},"end":{"line":94,"column":39}},"23":{"start":{"line":94,"column":31},"end":{"line":94,"column":37}},"24":{"start":{"line":97,"column":27},"end":{"line":105,"column":8}},"25":{"start":{"line":98,"column":4},"end":{"line":100,"column":5}},"26":{"start":{"line":99,"column":6},"end":{"line":99,"column":31}},"27":{"start":{"line":102,"column":4},"end":{"line":104,"column":5}},"28":{"start":{"line":103,"column":6},"end":{"line":103,"column":28}},"29":{"start":{"line":107,"column":27},"end":{"line":109,"column":8}},"30":{"start":{"line":108,"column":4},"end":{"line":108,"column":26}},"31":{"start":{"line":111,"column":34},"end":{"line":130,"column":62}},"32":{"start":{"line":112,"column":4},"end":{"line":129,"column":5}},"33":{"start":{"line":113,"column":18},"end":{"line":113,"column":40}},"34":{"start":{"line":115,"column":6},"end":{"line":115,"column":34}},"35":{"start":{"line":116,"column":6},"end":{"line":116,"column":25}},"36":{"start":{"line":118,"column":6},"end":{"line":121,"column":9}},"37":{"start":{"line":123,"column":6},"end":{"line":123,"column":61}},"38":{"start":{"line":125,"column":6},"end":{"line":128,"column":7}},"39":{"start":{"line":132,"column":30},"end":{"line":142,"column":20}},"40":{"start":{"line":133,"column":4},"end":{"line":141,"column":6}},"41":{"start":{"line":134,"column":26},"end":{"line":134,"column":35}},"42":{"start":{"line":136,"column":6},"end":{"line":140,"column":8}},"43":{"start":{"line":144,"column":32},"end":{"line":154,"column":20}},"44":{"start":{"line":145,"column":4},"end":{"line":153,"column":6}},"45":{"start":{"line":146,"column":26},"end":{"line":146,"column":36}},"46":{"start":{"line":148,"column":6},"end":{"line":152,"column":8}},"47":{"start":{"line":156,"column":2},"end":{"line":253,"column":4}},"48":{"start":{"line":174,"column":38},"end":{"line":174,"column":49}},"49":{"start":{"line":176,"column":12},"end":{"line":184,"column":32}},"50":{"start":{"line":177,"column":27},"end":{"line":177,"column":60}},"51":{"start":{"line":212,"column":14},"end":{"line":220,"column":21}},"52":{"start":{"line":217,"column":31},"end":{"line":217,"column":53}},"53":{"start":{"line":230,"column":15},"end":{"line":238,"column":21}},"54":{"start":{"line":235,"column":31},"end":{"line":235,"column":53}}},"fnMap":{"0":{"name":"(anonymous_0)","decl":{"start":{"line":52,"column":36},"end":{"line":52,"column":37}},"loc":{"start":{"line":52,"column":42},"end":{"line":254,"column":1}},"line":52},"1":{"name":"(anonymous_1)","decl":{"start":{"line":67,"column":12},"end":{"line":67,"column":13}},"loc":{"start":{"line":67,"column":18},"end":{"line":71,"column":3}},"line":67},"2":{"name":"(anonymous_2)","decl":{"start":{"line":68,"column":30},"end":{"line":68,"column":31}},"loc":{"start":{"line":68,"column":42},"end":{"line":70,"column":5}},"line":68},"3":{"name":"(anonymous_3)","decl":{"start":{"line":73,"column":12},"end":{"line":73,"column":13}},"loc":{"start":{"line":73,"column":18},"end":{"line":83,"column":3}},"line":73},"4":{"name":"(anonymous_4)","decl":{"start":{"line":80,"column":12},"end":{"line":80,"column":13}},"loc":{"start":{"line":80,"column":24},"end":{"line":82,"column":5}},"line":80},"5":{"name":"(anonymous_5)","decl":{"start":{"line":85,"column":35},"end":{"line":85,"column":36}},"loc":{"start":{"line":85,"column":41},"end":{"line":87,"column":3}},"line":85},"6":{"name":"(anonymous_6)","decl":{"start":{"line":89,"column":43},"end":{"line":89,"column":44}},"loc":{"start":{"line":89,"column":67},"end":{"line":91,"column":3}},"line":89},"7":{"name":"(anonymous_7)","decl":{"start":{"line":93,"column":45},"end":{"line":93,"column":46}},"loc":{"start":{"line":93,"column":51},"end":{"line":95,"column":3}},"line":93},"8":{"name":"(anonymous_8)","decl":{"start":{"line":94,"column":22},"end":{"line":94,"column":23}},"loc":{"start":{"line":94,"column":31},"end":{"line":94,"column":37}},"line":94},"9":{"name":"(anonymous_9)","decl":{"start":{"line":97,"column":39},"end":{"line":97,"column":40}},"loc":{"start":{"line":97,"column":79},"end":{"line":105,"column":3}},"line":97},"10":{"name":"(anonymous_10)","decl":{"start":{"line":107,"column":39},"end":{"line":107,"column":40}},"loc":{"start":{"line":107,"column":57},"end":{"line":109,"column":3}},"line":107},"11":{"name":"(anonymous_11)","decl":{"start":{"line":111,"column":46},"end":{"line":111,"column":47}},"loc":{"start":{"line":111,"column":58},"end":{"line":130,"column":3}},"line":111},"12":{"name":"(anonymous_12)","decl":{"start":{"line":132,"column":38},"end":{"line":132,"column":39}},"loc":{"start":{"line":132,"column":44},"end":{"line":142,"column":3}},"line":132},"13":{"name":"(anonymous_13)","decl":{"start":{"line":134,"column":12},"end":{"line":134,"column":13}},"loc":{"start":{"line":134,"column":26},"end":{"line":134,"column":35}},"line":134},"14":{"name":"(anonymous_14)","decl":{"start":{"line":135,"column":9},"end":{"line":135,"column":10}},"loc":{"start":{"line":135,"column":34},"end":{"line":141,"column":5}},"line":135},"15":{"name":"(anonymous_15)","decl":{"start":{"line":144,"column":40},"end":{"line":144,"column":41}},"loc":{"start":{"line":144,"column":46},"end":{"line":154,"column":3}},"line":144},"16":{"name":"(anonymous_16)","decl":{"start":{"line":146,"column":12},"end":{"line":146,"column":13}},"loc":{"start":{"line":146,"column":26},"end":{"line":146,"column":36}},"line":146},"17":{"name":"(anonymous_17)","decl":{"start":{"line":147,"column":9},"end":{"line":147,"column":10}},"loc":{"start":{"line":147,"column":34},"end":{"line":153,"column":5}},"line":147},"18":{"name":"(anonymous_18)","decl":{"start":{"line":174,"column":24},"end":{"line":174,"column":25}},"loc":{"start":{"line":174,"column":38},"end":{"line":174,"column":49}},"line":174},"19":{"name":"(anonymous_19)","decl":{"start":{"line":175,"column":22},"end":{"line":175,"column":23}},"loc":{"start":{"line":176,"column":12},"end":{"line":184,"column":32}},"line":176},"20":{"name":"(anonymous_20)","decl":{"start":{"line":177,"column":21},"end":{"line":177,"column":22}},"loc":{"start":{"line":177,"column":27},"end":{"line":177,"column":60}},"line":177},"21":{"name":"(anonymous_21)","decl":{"start":{"line":211,"column":39},"end":{"line":211,"column":40}},"loc":{"start":{"line":212,"column":14},"end":{"line":220,"column":21}},"line":212},"22":{"name":"(anonymous_22)","decl":{"start":{"line":217,"column":25},"end":{"line":217,"column":26}},"loc":{"start":{"line":217,"column":31},"end":{"line":217,"column":53}},"line":217},"23":{"name":"(anonymous_23)","decl":{"start":{"line":229,"column":39},"end":{"line":229,"column":40}},"loc":{"start":{"line":230,"column":15},"end":{"line":238,"column":21}},"line":230},"24":{"name":"(anonymous_24)","decl":{"start":{"line":235,"column":25},"end":{"line":235,"column":26}},"loc":{"start":{"line":235,"column":31},"end":{"line":235,"column":53}},"line":235}},"branchMap":{"0":{"loc":{"start":{"line":98,"column":4},"end":{"line":100,"column":5}},"type":"if","locations":[{"start":{"line":98,"column":4},"end":{"line":100,"column":5}},{"start":{"line":98,"column":4},"end":{"line":100,"column":5}}],"line":98},"1":{"loc":{"start":{"line":102,"column":4},"end":{"line":104,"column":5}},"type":"if","locations":[{"start":{"line":102,"column":4},"end":{"line":104,"column":5}},{"start":{"line":102,"column":4},"end":{"line":104,"column":5}}],"line":102},"2":{"loc":{"start":{"line":196,"column":11},"end":{"line":201,"column":13}},"type":"binary-expr","locations":[{"start":{"line":196,"column":11},"end":{"line":196,"column":25}},{"start":{"line":196,"column":30},"end":{"line":201,"column":12}}],"line":196}},"s":{"0":0,"1":0,"2":0,"3":0,"4":0,"5":0,"6":0,"7":0,"8":0,"9":0,"10":0,"11":0,"12":0,"13":0,"14":0,"15":0,"16":0,"17":0,"18":0,"19":0,"20":0,"21":0,"22":0,"23":0,"24":0,"25":0,"26":0,"27":0,"28":0,"29":0,"30":0,"31":0,"32":0,"33":0,"34":0,"35":0,"36":0,"37":0,"38":0,"39":0,"40":0,"41":0,"42":0,"43":0,"44":0,"45":0,"46":0,"47":0,"48":0,"49":0,"50":0,"51":0,"52":0,"53":0,"54":0},"f":{"0":0,"1":0,"2":0,"3":0,"4":0,"5":0,"6":0,"7":0,"8":0,"9":0,"10":0,"11":0,"12":0,"13":0,"14":0,"15":0,"16":0,"17":0,"18":0,"19":0,"20":0,"21":0,"22":0,"23":0,"24":0},"b":{"0":[0,0],"1":[0,0],"2":[0,0]}}
,"/home/rodrigo/Área de Trabalho/projects/appgobarber/src/pages/Dashboard/index.tsx": {"path":"/home/rodrigo/Área de Trabalho/projects/appgobarber/src/pages/Dashboard/index.tsx","statementMap":{"0":{"start":{"line":35,"column":28},"end":{"line":108,"column":1}},"1":{"start":{"line":36,"column":36},"end":{"line":36,"column":60}},"2":{"start":{"line":38,"column":28},"end":{"line":38,"column":37}},"3":{"start":{"line":39,"column":22},"end":{"line":39,"column":37}},"4":{"start":{"line":41,"column":2},"end":{"line":45,"column":9}},"5":{"start":{"line":42,"column":4},"end":{"line":44,"column":7}},"6":{"start":{"line":43,"column":6},"end":{"line":43,"column":34}},"7":{"start":{"line":47,"column":28},"end":{"line":50,"column":16}},"8":{"start":{"line":48,"column":4},"end":{"line":48,"column":24}},"9":{"start":{"line":52,"column":37},"end":{"line":54,"column":16}},"10":{"start":{"line":53,"column":4},"end":{"line":53,"column":50}},"11":{"start":{"line":56,"column":20},"end":{"line":59,"column":15}},"12":{"start":{"line":57,"column":4},"end":{"line":57,"column":14}},"13":{"start":{"line":61,"column":2},"end":{"line":107,"column":4}},"14":{"start":{"line":76,"column":32},"end":{"line":76,"column":43}},"15":{"start":{"line":81,"column":8},"end":{"line":99,"column":28}},"16":{"start":{"line":82,"column":23},"end":{"line":82,"column":63}}},"fnMap":{"0":{"name":"(anonymous_0)","decl":{"start":{"line":35,"column":28},"end":{"line":35,"column":29}},"loc":{"start":{"line":35,"column":34},"end":{"line":108,"column":1}},"line":35},"1":{"name":"(anonymous_1)","decl":{"start":{"line":41,"column":12},"end":{"line":41,"column":13}},"loc":{"start":{"line":41,"column":18},"end":{"line":45,"column":3}},"line":41},"2":{"name":"(anonymous_2)","decl":{"start":{"line":42,"column":30},"end":{"line":42,"column":31}},"loc":{"start":{"line":42,"column":42},"end":{"line":44,"column":5}},"line":42},"3":{"name":"(anonymous_3)","decl":{"start":{"line":47,"column":40},"end":{"line":47,"column":41}},"loc":{"start":{"line":47,"column":46},"end":{"line":50,"column":3}},"line":47},"4":{"name":"(anonymous_4)","decl":{"start":{"line":52,"column":49},"end":{"line":52,"column":50}},"loc":{"start":{"line":52,"column":73},"end":{"line":54,"column":3}},"line":52},"5":{"name":"(anonymous_5)","decl":{"start":{"line":56,"column":32},"end":{"line":56,"column":33}},"loc":{"start":{"line":56,"column":38},"end":{"line":59,"column":3}},"line":56},"6":{"name":"(anonymous_6)","decl":{"start":{"line":76,"column":20},"end":{"line":76,"column":21}},"loc":{"start":{"line":76,"column":32},"end":{"line":76,"column":43}},"line":76},"7":{"name":"(anonymous_7)","decl":{"start":{"line":80,"column":18},"end":{"line":80,"column":19}},"loc":{"start":{"line":81,"column":8},"end":{"line":99,"column":28}},"line":81},"8":{"name":"(anonymous_8)","decl":{"start":{"line":82,"column":17},"end":{"line":82,"column":18}},"loc":{"start":{"line":82,"column":23},"end":{"line":82,"column":63}},"line":82}},"branchMap":{},"s":{"0":0,"1":0,"2":0,"3":0,"4":0,"5":0,"6":0,"7":0,"8":0,"9":0,"10":0,"11":0,"12":0,"13":0,"14":0,"15":0,"16":0},"f":{"0":0,"1":0,"2":0,"3":0,"4":0,"5":0,"6":0,"7":0,"8":0},"b":{}}
,"/home/rodrigo/Área de Trabalho/projects/appgobarber/src/pages/Profile/index.tsx": {"path":"/home/rodrigo/Área de Trabalho/projects/appgobarber/src/pages/Profile/index.tsx","statementMap":{"0":{"start":{"line":51,"column":26},"end":{"line":273,"column":1}},"1":{"start":{"line":52,"column":31},"end":{"line":52,"column":40}},"2":{"start":{"line":54,"column":18},"end":{"line":54,"column":43}},"3":{"start":{"line":55,"column":21},"end":{"line":55,"column":36}},"4":{"start":{"line":57,"column":24},"end":{"line":57,"column":47}},"5":{"start":{"line":58,"column":30},"end":{"line":58,"column":53}},"6":{"start":{"line":59,"column":27},"end":{"line":59,"column":50}},"7":{"start":{"line":60,"column":34},"end":{"line":60,"column":57}},"8":{"start":{"line":62,"column":23},"end":{"line":136,"column":3}},"9":{"start":{"line":64,"column":6},"end":{"line":133,"column":7}},"10":{"start":{"line":65,"column":8},"end":{"line":65,"column":39}},"11":{"start":{"line":67,"column":23},"end":{"line":85,"column":10}},"12":{"start":{"line":74,"column":23},"end":{"line":74,"column":35}},"13":{"start":{"line":80,"column":25},"end":{"line":80,"column":37}},"14":{"start":{"line":86,"column":8},"end":{"line":88,"column":11}},"15":{"start":{"line":96,"column":12},"end":{"line":96,"column":16}},"16":{"start":{"line":98,"column":25},"end":{"line":108,"column":9}},"17":{"start":{"line":110,"column":25},"end":{"line":110,"column":60}},"18":{"start":{"line":112,"column":8},"end":{"line":112,"column":34}},"19":{"start":{"line":114,"column":8},"end":{"line":114,"column":54}},"20":{"start":{"line":116,"column":8},"end":{"line":116,"column":28}},"21":{"start":{"line":119,"column":8},"end":{"line":125,"column":9}},"22":{"start":{"line":120,"column":25},"end":{"line":120,"column":50}},"23":{"start":{"line":122,"column":10},"end":{"line":122,"column":45}},"24":{"start":{"line":124,"column":10},"end":{"line":124,"column":17}},"25":{"start":{"line":127,"column":8},"end":{"line":127,"column":25}},"26":{"start":{"line":129,"column":8},"end":{"line":132,"column":10}},"27":{"start":{"line":138,"column":29},"end":{"line":167,"column":27}},"28":{"start":{"line":139,"column":4},"end":{"line":166,"column":7}},"29":{"start":{"line":145,"column":6},"end":{"line":147,"column":7}},"30":{"start":{"line":146,"column":8},"end":{"line":146,"column":15}},"31":{"start":{"line":149,"column":6},"end":{"line":152,"column":7}},"32":{"start":{"line":150,"column":8},"end":{"line":150,"column":53}},"33":{"start":{"line":151,"column":8},"end":{"line":151,"column":15}},"34":{"start":{"line":154,"column":19},"end":{"line":154,"column":33}},"35":{"start":{"line":156,"column":6},"end":{"line":160,"column":9}},"36":{"start":{"line":162,"column":6},"end":{"line":164,"column":9}},"37":{"start":{"line":163,"column":8},"end":{"line":163,"column":37}},"38":{"start":{"line":170,"column":23},"end":{"line":172,"column":18}},"39":{"start":{"line":171,"column":4},"end":{"line":171,"column":24}},"40":{"start":{"line":174,"column":2},"end":{"line":272,"column":4}},"41":{"start":{"line":211,"column":16},"end":{"line":211,"column":47}},"42":{"start":{"line":225,"column":16},"end":{"line":225,"column":50}},"43":{"start":{"line":238,"column":38},"end":{"line":238,"column":71}},"44":{"start":{"line":249,"column":38},"end":{"line":249,"column":78}},"45":{"start":{"line":260,"column":38},"end":{"line":260,"column":67}},"46":{"start":{"line":264,"column":36},"end":{"line":264,"column":65}}},"fnMap":{"0":{"name":"(anonymous_0)","decl":{"start":{"line":51,"column":26},"end":{"line":51,"column":27}},"loc":{"start":{"line":51,"column":32},"end":{"line":273,"column":1}},"line":51},"1":{"name":"(anonymous_1)","decl":{"start":{"line":63,"column":4},"end":{"line":63,"column":5}},"loc":{"start":{"line":63,"column":37},"end":{"line":134,"column":5}},"line":63},"2":{"name":"(anonymous_2)","decl":{"start":{"line":74,"column":16},"end":{"line":74,"column":17}},"loc":{"start":{"line":74,"column":23},"end":{"line":74,"column":35}},"line":74},"3":{"name":"(anonymous_3)","decl":{"start":{"line":80,"column":18},"end":{"line":80,"column":19}},"loc":{"start":{"line":80,"column":25},"end":{"line":80,"column":37}},"line":80},"4":{"name":"(anonymous_4)","decl":{"start":{"line":138,"column":41},"end":{"line":138,"column":42}},"loc":{"start":{"line":138,"column":47},"end":{"line":167,"column":3}},"line":138},"5":{"name":"(anonymous_5)","decl":{"start":{"line":144,"column":7},"end":{"line":144,"column":8}},"loc":{"start":{"line":144,"column":19},"end":{"line":166,"column":5}},"line":144},"6":{"name":"(anonymous_6)","decl":{"start":{"line":162,"column":43},"end":{"line":162,"column":44}},"loc":{"start":{"line":162,"column":58},"end":{"line":164,"column":7}},"line":162},"7":{"name":"(anonymous_7)","decl":{"start":{"line":170,"column":35},"end":{"line":170,"column":36}},"loc":{"start":{"line":170,"column":41},"end":{"line":172,"column":3}},"line":170},"8":{"name":"(anonymous_8)","decl":{"start":{"line":210,"column":31},"end":{"line":210,"column":32}},"loc":{"start":{"line":210,"column":37},"end":{"line":212,"column":15}},"line":210},"9":{"name":"(anonymous_9)","decl":{"start":{"line":224,"column":31},"end":{"line":224,"column":32}},"loc":{"start":{"line":224,"column":37},"end":{"line":226,"column":15}},"line":224},"10":{"name":"(anonymous_10)","decl":{"start":{"line":238,"column":31},"end":{"line":238,"column":32}},"loc":{"start":{"line":238,"column":37},"end":{"line":238,"column":72}},"line":238},"11":{"name":"(anonymous_11)","decl":{"start":{"line":249,"column":31},"end":{"line":249,"column":32}},"loc":{"start":{"line":249,"column":37},"end":{"line":249,"column":79}},"line":249},"12":{"name":"(anonymous_12)","decl":{"start":{"line":260,"column":31},"end":{"line":260,"column":32}},"loc":{"start":{"line":260,"column":37},"end":{"line":260,"column":68}},"line":260},"13":{"name":"(anonymous_13)","decl":{"start":{"line":264,"column":29},"end":{"line":264,"column":30}},"loc":{"start":{"line":264,"column":35},"end":{"line":264,"column":66}},"line":264}},"branchMap":{"0":{"loc":{"start":{"line":101,"column":14},"end":{"line":107,"column":16}},"type":"cond-expr","locations":[{"start":{"line":102,"column":14},"end":{"line":106,"column":15}},{"start":{"line":107,"column":14},"end":{"line":107,"column":16}}],"line":101},"1":{"loc":{"start":{"line":119,"column":8},"end":{"line":125,"column":9}},"type":"if","locations":[{"start":{"line":119,"column":8},"end":{"line":125,"column":9}},{"start":{"line":119,"column":8},"end":{"line":125,"column":9}}],"line":119},"2":{"loc":{"start":{"line":145,"column":6},"end":{"line":147,"column":7}},"type":"if","locations":[{"start":{"line":145,"column":6},"end":{"line":147,"column":7}},{"start":{"line":145,"column":6},"end":{"line":147,"column":7}}],"line":145},"3":{"loc":{"start":{"line":149,"column":6},"end":{"line":152,"column":7}},"type":"if","locations":[{"start":{"line":149,"column":6},"end":{"line":152,"column":7}},{"start":{"line":149,"column":6},"end":{"line":152,"column":7}}],"line":149},"4":{"loc":{"start":{"line":178,"column":16},"end":{"line":178,"column":61}},"type":"cond-expr","locations":[{"start":{"line":178,"column":40},"end":{"line":178,"column":49}},{"start":{"line":178,"column":52},"end":{"line":178,"column":61}}],"line":178}},"s":{"0":0,"1":0,"2":0,"3":0,"4":0,"5":0,"6":0,"7":0,"8":0,"9":0,"10":0,"11":0,"12":0,"13":0,"14":0,"15":0,"16":0,"17":0,"18":0,"19":0,"20":0,"21":0,"22":0,"23":0,"24":0,"25":0,"26":0,"27":0,"28":0,"29":0,"30":0,"31":0,"32":0,"33":0,"34":0,"35":0,"36":0,"37":0,"38":0,"39":0,"40":0,"41":0,"42":0,"43":0,"44":0,"45":0,"46":0},"f":{"0":0,"1":0,"2":0,"3":0,"4":0,"5":0,"6":0,"7":0,"8":0,"9":0,"10":0,"11":0,"12":0,"13":0},"b":{"0":[0,0],"1":[0,0],"2":[0,0],"3":[0,0],"4":[0,0]}}
,"/home/rodrigo/Área de Trabalho/projects/appgobarber/src/pages/SignIn/index.tsx": {"path":"/home/rodrigo/Área de Trabalho/projects/appgobarber/src/pages/SignIn/index.tsx","statementMap":{"0":{"start":{"line":42,"column":25},"end":{"line":148,"column":1}},"1":{"start":{"line":43,"column":18},"end":{"line":43,"column":43}},"2":{"start":{"line":44,"column":27},"end":{"line":44,"column":50}},"3":{"start":{"line":45,"column":21},"end":{"line":45,"column":36}},"4":{"start":{"line":47,"column":27},"end":{"line":47,"column":36}},"5":{"start":{"line":49,"column":2},"end":{"line":49,"column":20}},"6":{"start":{"line":51,"column":23},"end":{"line":87,"column":13}},"7":{"start":{"line":53,"column":6},"end":{"line":85,"column":7}},"8":{"start":{"line":54,"column":8},"end":{"line":54,"column":39}},"9":{"start":{"line":56,"column":23},"end":{"line":61,"column":10}},"10":{"start":{"line":63,"column":8},"end":{"line":65,"column":11}},"11":{"start":{"line":67,"column":8},"end":{"line":70,"column":11}},"12":{"start":{"line":72,"column":8},"end":{"line":78,"column":9}},"13":{"start":{"line":73,"column":25},"end":{"line":73,"column":50}},"14":{"start":{"line":75,"column":10},"end":{"line":75,"column":45}},"15":{"start":{"line":77,"column":10},"end":{"line":77,"column":17}},"16":{"start":{"line":80,"column":8},"end":{"line":84,"column":10}},"17":{"start":{"line":89,"column":2},"end":{"line":147,"column":4}},"18":{"start":{"line":117,"column":16},"end":{"line":117,"column":50}},"19":{"start":{"line":128,"column":37},"end":{"line":128,"column":66}},"20":{"start":{"line":132,"column":35},"end":{"line":132,"column":64}},"21":{"start":{"line":142,"column":42},"end":{"line":142,"column":71}}},"fnMap":{"0":{"name":"(anonymous_0)","decl":{"start":{"line":42,"column":25},"end":{"line":42,"column":26}},"loc":{"start":{"line":42,"column":31},"end":{"line":148,"column":1}},"line":42},"1":{"name":"(anonymous_1)","decl":{"start":{"line":52,"column":4},"end":{"line":52,"column":5}},"loc":{"start":{"line":52,"column":36},"end":{"line":86,"column":5}},"line":52},"2":{"name":"(anonymous_2)","decl":{"start":{"line":116,"column":31},"end":{"line":116,"column":32}},"loc":{"start":{"line":116,"column":37},"end":{"line":118,"column":15}},"line":116},"3":{"name":"(anonymous_3)","decl":{"start":{"line":128,"column":31},"end":{"line":128,"column":32}},"loc":{"start":{"line":128,"column":37},"end":{"line":128,"column":66}},"line":128},"4":{"name":"(anonymous_4)","decl":{"start":{"line":132,"column":29},"end":{"line":132,"column":30}},"loc":{"start":{"line":132,"column":35},"end":{"line":132,"column":64}},"line":132},"5":{"name":"(anonymous_5)","decl":{"start":{"line":135,"column":37},"end":{"line":135,"column":38}},"loc":{"start":{"line":135,"column":43},"end":{"line":135,"column":45}},"line":135},"6":{"name":"(anonymous_6)","decl":{"start":{"line":142,"column":36},"end":{"line":142,"column":37}},"loc":{"start":{"line":142,"column":42},"end":{"line":142,"column":71}},"line":142}},"branchMap":{"0":{"loc":{"start":{"line":72,"column":8},"end":{"line":78,"column":9}},"type":"if","locations":[{"start":{"line":72,"column":8},"end":{"line":78,"column":9}},{"start":{"line":72,"column":8},"end":{"line":78,"column":9}}],"line":72},"1":{"loc":{"start":{"line":93,"column":16},"end":{"line":93,"column":61}},"type":"cond-expr","locations":[{"start":{"line":93,"column":40},"end":{"line":93,"column":49}},{"start":{"line":93,"column":52},"end":{"line":93,"column":61}}],"line":93}},"s":{"0":1,"1":1,"2":1,"3":1,"4":1,"5":1,"6":1,"7":0,"8":0,"9":0,"10":0,"11":0,"12":0,"13":0,"14":0,"15":0,"16":0,"17":1,"18":0,"19":0,"20":0,"21":0},"f":{"0":1,"1":0,"2":0,"3":0,"4":0,"5":0,"6":0},"b":{"0":[0,0],"1":[1,0]},"_coverageSchema":"1a1c01bbd47fc00a2c39e90264f33305004495a9","hash":"c91dac45bd105d1925cd4d213e8887241c68e522"}
,"/home/rodrigo/Área de Trabalho/projects/appgobarber/src/pages/SignUp/index.tsx": {"path":"/home/rodrigo/Área de Trabalho/projects/appgobarber/src/pages/SignUp/index.tsx","statementMap":{"0":{"start":{"line":35,"column":25},"end":{"line":156,"column":1}},"1":{"start":{"line":36,"column":18},"end":{"line":36,"column":43}},"2":{"start":{"line":37,"column":21},"end":{"line":37,"column":36}},"3":{"start":{"line":39,"column":24},"end":{"line":39,"column":47}},"4":{"start":{"line":40,"column":27},"end":{"line":40,"column":50}},"5":{"start":{"line":42,"column":23},"end":{"line":86,"column":3}},"6":{"start":{"line":44,"column":6},"end":{"line":83,"column":7}},"7":{"start":{"line":45,"column":8},"end":{"line":45,"column":39}},"8":{"start":{"line":47,"column":23},"end":{"line":53,"column":10}},"9":{"start":{"line":55,"column":8},"end":{"line":57,"column":11}},"10":{"start":{"line":59,"column":8},"end":{"line":59,"column":39}},"11":{"start":{"line":61,"column":8},"end":{"line":64,"column":11}},"12":{"start":{"line":66,"column":8},"end":{"line":66,"column":28}},"13":{"start":{"line":69,"column":8},"end":{"line":75,"column":9}},"14":{"start":{"line":70,"column":25},"end":{"line":70,"column":50}},"15":{"start":{"line":72,"column":10},"end":{"line":72,"column":45}},"16":{"start":{"line":74,"column":10},"end":{"line":74,"column":17}},"17":{"start":{"line":77,"column":8},"end":{"line":77,"column":25}},"18":{"start":{"line":79,"column":8},"end":{"line":82,"column":10}},"19":{"start":{"line":88,"column":2},"end":{"line":155,"column":4}},"20":{"start":{"line":114,"column":16},"end":{"line":114,"column":47}},"21":{"start":{"line":128,"column":16},"end":{"line":128,"column":50}},"22":{"start":{"line":140,"column":38},"end":{"line":140,"column":67}},"23":{"start":{"line":144,"column":36},"end":{"line":144,"column":65}},"24":{"start":{"line":150,"column":35},"end":{"line":150,"column":54}}},"fnMap":{"0":{"name":"(anonymous_0)","decl":{"start":{"line":35,"column":25},"end":{"line":35,"column":26}},"loc":{"start":{"line":35,"column":31},"end":{"line":156,"column":1}},"line":35},"1":{"name":"(anonymous_1)","decl":{"start":{"line":43,"column":4},"end":{"line":43,"column":5}},"loc":{"start":{"line":43,"column":36},"end":{"line":84,"column":5}},"line":43},"2":{"name":"(anonymous_2)","decl":{"start":{"line":113,"column":31},"end":{"line":113,"column":32}},"loc":{"start":{"line":113,"column":37},"end":{"line":115,"column":15}},"line":113},"3":{"name":"(anonymous_3)","decl":{"start":{"line":127,"column":31},"end":{"line":127,"column":32}},"loc":{"start":{"line":127,"column":37},"end":{"line":129,"column":15}},"line":127},"4":{"name":"(anonymous_4)","decl":{"start":{"line":140,"column":31},"end":{"line":140,"column":32}},"loc":{"start":{"line":140,"column":37},"end":{"line":140,"column":68}},"line":140},"5":{"name":"(anonymous_5)","decl":{"start":{"line":144,"column":29},"end":{"line":144,"column":30}},"loc":{"start":{"line":144,"column":35},"end":{"line":144,"column":66}},"line":144},"6":{"name":"(anonymous_6)","decl":{"start":{"line":150,"column":29},"end":{"line":150,"column":30}},"loc":{"start":{"line":150,"column":35},"end":{"line":150,"column":54}},"line":150}},"branchMap":{"0":{"loc":{"start":{"line":69,"column":8},"end":{"line":75,"column":9}},"type":"if","locations":[{"start":{"line":69,"column":8},"end":{"line":75,"column":9}},{"start":{"line":69,"column":8},"end":{"line":75,"column":9}}],"line":69},"1":{"loc":{"start":{"line":92,"column":16},"end":{"line":92,"column":61}},"type":"cond-expr","locations":[{"start":{"line":92,"column":40},"end":{"line":92,"column":49}},{"start":{"line":92,"column":52},"end":{"line":92,"column":61}}],"line":92}},"s":{"0":0,"1":0,"2":0,"3":0,"4":0,"5":0,"6":0,"7":0,"8":0,"9":0,"10":0,"11":0,"12":0,"13":0,"14":0,"15":0,"16":0,"17":0,"18":0,"19":0,"20":0,"21":0,"22":0,"23":0,"24":0},"f":{"0":0,"1":0,"2":0,"3":0,"4":0,"5":0,"6":0},"b":{"0":[0,0],"1":[0,0]}}
}
